{
  "stats": {
    "suites": 2,
    "tests": 2,
    "passes": 2,
    "pending": 0,
    "failures": 0,
    "start": "2023-10-05T08:44:53.965Z",
    "end": "2023-10-05T08:45:05.534Z",
    "duration": 11569,
    "testsRegistered": 2,
    "passPercent": 100,
    "pendingPercent": 0,
    "other": 0,
    "hasOther": false,
    "skipped": 0,
    "hasSkipped": false
  },
  "results": [
    {
      "uuid": "e9bc317f-6986-4929-9465-b3ea55c37478",
      "title": "",
      "fullFile": "cypress\\e2e\\toolTests.js",
      "file": "cypress\\e2e\\toolTests.js",
      "beforeHooks": [],
      "afterHooks": [],
      "tests": [],
      "suites": [
        {
          "uuid": "bec8e333-8c5d-4879-90ca-1480cf68b1ac",
          "title": "toolTests live desktop",
          "fullFile": "",
          "file": "",
          "beforeHooks": [],
          "afterHooks": [],
          "tests": [
            {
              "title": "abbreviation run",
              "fullTitle": "toolTests live desktop abbreviation run",
              "timedOut": null,
              "duration": 4365,
              "state": "passed",
              "speed": "fast",
              "pass": true,
              "fail": false,
              "pending": false,
              "context": "\"videos/toolTests.js.mp4\"",
              "code": "cy.closeWelcomeWindow();\ncy.abbreviationRun('חכ\"א');\ncy.resultsTests('חכמים אומרים');",
              "err": {},
              "uuid": "5bfd8d70-2c92-4ee8-819c-e36a4d99ce6f",
              "parentUUID": "bec8e333-8c5d-4879-90ca-1480cf68b1ac",
              "isHook": false,
              "skipped": false
            }
          ],
          "suites": [],
          "passes": [
            "5bfd8d70-2c92-4ee8-819c-e36a4d99ce6f"
          ],
          "failures": [],
          "pending": [],
          "skipped": [],
          "duration": 4365,
          "root": false,
          "rootEmpty": false,
          "_timeout": 2000
        },
        {
          "uuid": "cb513f8d-eebb-46cc-bece-5e0e4cceef11",
          "title": "toolTests dev desktop",
          "fullFile": "",
          "file": "",
          "beforeHooks": [],
          "afterHooks": [],
          "tests": [
            {
              "title": "abbreviation run",
              "fullTitle": "toolTests dev desktop abbreviation run",
              "timedOut": null,
              "duration": 3071,
              "state": "passed",
              "speed": "fast",
              "pass": true,
              "fail": false,
              "pending": false,
              "context": "\"videos/toolTests.js.mp4\"",
              "code": "cy.closeWelcomeWindow();\ncy.abbreviationRun('חכ\"א');\ncy.resultsTests('חכמים אומרים');",
              "err": {},
              "uuid": "e822cecb-374a-4e93-8c8b-51f7ab164139",
              "parentUUID": "cb513f8d-eebb-46cc-bece-5e0e4cceef11",
              "isHook": false,
              "skipped": false
            }
          ],
          "suites": [],
          "passes": [
            "e822cecb-374a-4e93-8c8b-51f7ab164139"
          ],
          "failures": [],
          "pending": [],
          "skipped": [],
          "duration": 3071,
          "root": false,
          "rootEmpty": false,
          "_timeout": 2000
        }
      ],
      "passes": [],
      "failures": [],
      "pending": [],
      "skipped": [],
      "duration": 0,
      "root": true,
      "rootEmpty": true,
      "_timeout": 2000
    }
  ],
  "meta": {
    "mocha": {
      "version": "7.0.1"
    },
    "mochawesome": {
      "options": {
        "quiet": false,
        "reportFilename": "mochawesome",
        "saveHtml": false,
        "saveJson": true,
        "consoleReporter": "spec",
        "useInlineDiffs": false,
        "code": true
      },
      "version": "6.2.2"
    },
    "marge": {
      "options": {
        "id": "default",
        "reportDir": "cypress/results/json",
        "overwrite": false,
        "html": false,
        "json": true
      },
      "version": "5.2.0"
    }
  }
}