{
  "stats": {
    "suites": 2,
    "tests": 2,
    "passes": 2,
    "pending": 0,
    "failures": 0,
    "start": "2023-10-05T08:43:05.698Z",
    "end": "2023-10-05T08:43:18.333Z",
    "duration": 12635,
    "testsRegistered": 2,
    "passPercent": 100,
    "pendingPercent": 0,
    "other": 0,
    "hasOther": false,
    "skipped": 0,
    "hasSkipped": false
  },
  "results": [
    {
      "uuid": "029b5b9c-9d23-4044-9120-3958e46f5f6d",
      "title": "",
      "fullFile": "cypress\\e2e\\toolTests.js",
      "file": "cypress\\e2e\\toolTests.js",
      "beforeHooks": [],
      "afterHooks": [],
      "tests": [],
      "suites": [
        {
          "uuid": "3bdaa8f3-1425-471b-a527-2dee644a87ce",
          "title": "toolTests live desktop",
          "fullFile": "",
          "file": "",
          "beforeHooks": [],
          "afterHooks": [],
          "tests": [
            {
              "title": "abbreviation run",
              "fullTitle": "toolTests live desktop abbreviation run",
              "timedOut": null,
              "duration": 4102,
              "state": "passed",
              "speed": "fast",
              "pass": true,
              "fail": false,
              "pending": false,
              "context": "\"videos/toolTests.js.mp4\"",
              "code": "cy.closeWelcomeWindow();\ncy.abbreviationRun('חכ\"א');\ncy.resultsTests('חכמים אומרים');",
              "err": {},
              "uuid": "7505ac07-cae9-4d2a-a582-9b788634daf8",
              "parentUUID": "3bdaa8f3-1425-471b-a527-2dee644a87ce",
              "isHook": false,
              "skipped": false
            }
          ],
          "suites": [],
          "passes": [
            "7505ac07-cae9-4d2a-a582-9b788634daf8"
          ],
          "failures": [],
          "pending": [],
          "skipped": [],
          "duration": 4102,
          "root": false,
          "rootEmpty": false,
          "_timeout": 2000
        },
        {
          "uuid": "566372d5-15b2-45a0-b8f8-89665db660be",
          "title": "toolTests dev desktop",
          "fullFile": "",
          "file": "",
          "beforeHooks": [],
          "afterHooks": [],
          "tests": [
            {
              "title": "abbreviation run",
              "fullTitle": "toolTests dev desktop abbreviation run",
              "timedOut": null,
              "duration": 3525,
              "state": "passed",
              "speed": "fast",
              "pass": true,
              "fail": false,
              "pending": false,
              "context": "\"videos/toolTests.js.mp4\"",
              "code": "cy.closeWelcomeWindow();\ncy.abbreviationRun('חכ\"א');\ncy.resultsTests('חכמים אומרים');",
              "err": {},
              "uuid": "8f525b45-7623-4589-a9d0-69ca44468145",
              "parentUUID": "566372d5-15b2-45a0-b8f8-89665db660be",
              "isHook": false,
              "skipped": false
            }
          ],
          "suites": [],
          "passes": [
            "8f525b45-7623-4589-a9d0-69ca44468145"
          ],
          "failures": [],
          "pending": [],
          "skipped": [],
          "duration": 3525,
          "root": false,
          "rootEmpty": false,
          "_timeout": 2000
        }
      ],
      "passes": [],
      "failures": [],
      "pending": [],
      "skipped": [],
      "duration": 0,
      "root": true,
      "rootEmpty": true,
      "_timeout": 2000
    }
  ],
  "meta": {
    "mocha": {
      "version": "7.0.1"
    },
    "mochawesome": {
      "options": {
        "quiet": false,
        "reportFilename": "mochawesome",
        "saveHtml": false,
        "saveJson": true,
        "consoleReporter": "spec",
        "useInlineDiffs": false,
        "code": true
      },
      "version": "6.2.2"
    },
    "marge": {
      "options": {
        "id": "default",
        "reportDir": "cypress/results/json",
        "overwrite": false,
        "html": false,
        "json": true
      },
      "version": "5.2.0"
    }
  }
}